{
  "stats": {
    "suites": 0,
    "tests": 1,
    "passes": 0,
    "pending": 0,
    "failures": 1,
    "start": "2025-02-19T00:21:42.601Z",
    "end": "2025-02-19T00:21:44.954Z",
    "duration": 2353,
    "testsRegistered": 1,
    "passPercent": 0,
    "pendingPercent": 0,
    "other": 0,
    "hasOther": false,
    "skipped": 0,
    "hasSkipped": false
  },
  "results": [
    {
      "uuid": "4ba1041e-d767-4ffb-b52d-c692687e75ca",
      "title": "",
      "fullFile": "cypress\\e2e\\research.cy.js",
      "file": "cypress\\e2e\\research.cy.js",
      "beforeHooks": [],
      "afterHooks": [],
      "tests": [
        {
          "title": "Research a product on home page",
          "fullTitle": "Research a product on home page",
          "timedOut": null,
          "duration": 2334,
          "state": "failed",
          "speed": null,
          "pass": false,
          "fail": true,
          "pending": false,
          "context": null,
          "code": "_storeHome.default.ValidateresearchProduct();",
          "err": {
            "message": "TypeError: _elements.elements.searchField.type is not a function",
            "estack": "TypeError: _elements.elements.searchField.type is not a function\n    at Home.ValidateresearchProduct (webpack://projetocypress/./cypress/pages/storeHome/index.js:8:30)\n    at Context.eval (webpack://projetocypress/./cypress/e2e/research.cy.js:8:9)\n    at runnable.fn (https://front.serverest.dev/__cypress/runner/cypress_runner.js:139094:19)\n    at callFn (https://front.serverest.dev/__cypress/runner/cypress_runner.js:157690:21)\n    at Runnable.run (https://front.serverest.dev/__cypress/runner/cypress_runner.js:157677:7)\n    at <unknown> (https://front.serverest.dev/__cypress/runner/cypress_runner.js:163607:30)\n    at PassThroughHandlerContext.finallyHandler (https://front.serverest.dev/__cypress/runner/cypress_runner.js:4042:23)\n    at PassThroughHandlerContext.tryCatcher (https://front.serverest.dev/__cypress/runner/cypress_runner.js:1777:23)\n    at Promise._settlePromiseFromHandler (https://front.serverest.dev/__cypress/runner/cypress_runner.js:1489:31)",
            "diff": null
          },
          "uuid": "f72f84dc-66ae-49f6-9e07-dd54f815a4af",
          "parentUUID": "4ba1041e-d767-4ffb-b52d-c692687e75ca",
          "isHook": false,
          "skipped": false
        }
      ],
      "suites": [],
      "passes": [],
      "failures": [
        "f72f84dc-66ae-49f6-9e07-dd54f815a4af"
      ],
      "pending": [],
      "skipped": [],
      "duration": 2334,
      "root": true,
      "rootEmpty": false,
      "_timeout": 2000
    }
  ],
  "meta": {
    "mocha": {
      "version": "7.0.1"
    },
    "mochawesome": {
      "options": {
        "quiet": false,
        "reportFilename": "mochawesome",
        "saveHtml": true,
        "saveJson": true,
        "consoleReporter": "spec",
        "useInlineDiffs": false,
        "code": true
      },
      "version": "7.1.3"
    },
    "marge": {
      "options": {
        "reportDir": "cypress/reports",
        "overwrite": false,
        "html": true,
        "json": true
      },
      "version": "6.2.0"
    }
  }
}