{
  "stats": {
    "suites": 0,
    "tests": 1,
    "passes": 1,
    "pending": 0,
    "failures": 0,
    "start": "2025-02-19T00:53:23.329Z",
    "end": "2025-02-19T00:53:27.736Z",
    "duration": 4407,
    "testsRegistered": 1,
    "passPercent": 100,
    "pendingPercent": 0,
    "other": 0,
    "hasOther": false,
    "skipped": 0,
    "hasSkipped": false
  },
  "results": [
    {
      "uuid": "cd20e3b5-6442-429c-95c6-f1d9715b92e4",
      "title": "",
      "fullFile": "cypress\\e2e\\login.cy.js",
      "file": "cypress\\e2e\\login.cy.js",
      "beforeHooks": [],
      "afterHooks": [],
      "tests": [
        {
          "title": "Login user successfuly",
          "fullTitle": "Login user successfuly",
          "timedOut": null,
          "duration": 4382,
          "state": "passed",
          "speed": "fast",
          "pass": true,
          "fail": false,
          "pending": false,
          "context": null,
          "code": "_login.default.FillValidUserCredentials();\n_login.default.FillInvalidUserCredentials();\n_login.default.ErrorMessageLogin();",
          "err": {},
          "uuid": "cbb5c21c-ccc0-43e3-b20c-165da3c8e1e2",
          "parentUUID": "cd20e3b5-6442-429c-95c6-f1d9715b92e4",
          "isHook": false,
          "skipped": false
        }
      ],
      "suites": [],
      "passes": [
        "cbb5c21c-ccc0-43e3-b20c-165da3c8e1e2"
      ],
      "failures": [],
      "pending": [],
      "skipped": [],
      "duration": 4382,
      "root": true,
      "rootEmpty": false,
      "_timeout": 2000
    }
  ],
  "meta": {
    "mocha": {
      "version": "7.0.1"
    },
    "mochawesome": {
      "options": {
        "quiet": false,
        "reportFilename": "mochawesome",
        "saveHtml": true,
        "saveJson": true,
        "consoleReporter": "spec",
        "useInlineDiffs": false,
        "code": true
      },
      "version": "7.1.3"
    },
    "marge": {
      "options": {
        "reportDir": "cypress/reports",
        "overwrite": false,
        "html": true,
        "json": true
      },
      "version": "6.2.0"
    }
  }
}