{
  "stats": {
    "suites": 0,
    "tests": 1,
    "passes": 1,
    "pending": 0,
    "failures": 0,
    "start": "2025-02-19T00:53:30.178Z",
    "end": "2025-02-19T00:53:33.758Z",
    "duration": 3580,
    "testsRegistered": 1,
    "passPercent": 100,
    "pendingPercent": 0,
    "other": 0,
    "hasOther": false,
    "skipped": 0,
    "hasSkipped": false
  },
  "results": [
    {
      "uuid": "8f29384c-9484-4e71-9567-ec813266d147",
      "title": "",
      "fullFile": "cypress\\e2e\\research.cy.js",
      "file": "cypress\\e2e\\research.cy.js",
      "beforeHooks": [],
      "afterHooks": [],
      "tests": [
        {
          "title": "Research a product on home page",
          "fullTitle": "Research a product on home page",
          "timedOut": null,
          "duration": 3551,
          "state": "passed",
          "speed": "fast",
          "pass": true,
          "fail": false,
          "pending": false,
          "context": null,
          "code": "_storeHome.default.ValidateresearchProduct();",
          "err": {},
          "uuid": "a30fcc8b-f3a5-45cd-aa7f-10d957fa3832",
          "parentUUID": "8f29384c-9484-4e71-9567-ec813266d147",
          "isHook": false,
          "skipped": false
        }
      ],
      "suites": [],
      "passes": [
        "a30fcc8b-f3a5-45cd-aa7f-10d957fa3832"
      ],
      "failures": [],
      "pending": [],
      "skipped": [],
      "duration": 3551,
      "root": true,
      "rootEmpty": false,
      "_timeout": 2000
    }
  ],
  "meta": {
    "mocha": {
      "version": "7.0.1"
    },
    "mochawesome": {
      "options": {
        "quiet": false,
        "reportFilename": "mochawesome",
        "saveHtml": true,
        "saveJson": true,
        "consoleReporter": "spec",
        "useInlineDiffs": false,
        "code": true
      },
      "version": "7.1.3"
    },
    "marge": {
      "options": {
        "reportDir": "cypress/reports",
        "overwrite": false,
        "html": true,
        "json": true
      },
      "version": "6.2.0"
    }
  }
}